<?xml version="1.0" encoding="UTF-8"?>
<!-- Generated by org.testng.reporters.JUnitReportReporter -->
<testsuite hostname="JBNAIK" failures="0" tests="2" name="testngpractise.DemoTest" time="0.005" errors="0" timestamp="2022-11-10T12:02:05 IST" skipped="0">
  <testcase classname="testngpractise.DemoTest" name="f" time="0.004"/>
  <system-out/>
  <testcase classname="testngpractise.DemoTest" name="f" time="0.001"/>
  <system-out/>
</testsuite> <!-- testngpractise.DemoTest -->
